<?xml version="1.0" encoding="UTF-8"?>
<testsuite xmlns:xsi="http://www.w3.org/2001/XMLSchema-instance" xsi:noNamespaceSchemaLocation="https://maven.apache.org/surefire/maven-surefire-plugin/xsd/surefire-test-report-3.0.xsd" version="3.0" name="ProductDAOTest" time="0.603" tests="4" errors="0" skipped="0" failures="0">
  <properties>
[...]
</properties>
  <testcase name="testSaveProduct" classname="ProductDAOTest" time="0.052">
    <system-out><![CDATA[Hibernate: 
    /* insert for
        org.example.entities.Category */insert 
    into
        category (name) 
    values
        (?)
Hibernate: 
    /* insert for
        org.example.entities.Product */insert 
    into
        product (idcategory, img, name, price, quantity, size) 
    values
        (?, ?, ?, ?, ?, ?)
Hibernate: 
    select
        p1_0.idproduct,
        p1_0.idcategory,
        p1_0.img,
        p1_0.name,
        p1_0.price,
        p1_0.quantity,
        p1_0.size 
    from
        product p1_0 
    where
        p1_0.idproduct=?
Hibernate: 
    /* DELETE 
    FROM
        Product */ delete 
    from
        product
Hibernate: 
    /* DELETE 
    FROM
        Category */ delete 
    from
        category
]]></system-out>
    <system-err><![CDATA[Sep 05, 2024 2:15:12 PM org.hibernate.jpa.internal.util.LogHelper logPersistenceUnitInformation
INFO: HHH000204: Processing PersistenceUnitInfo [name: noura]
Sep 05, 2024 2:15:12 PM org.hibernate.cache.internal.RegionFactoryInitiator initiateService
INFO: HHH000026: Second-level cache disabled
Sep 05, 2024 2:15:13 PM org.hibernate.engine.jdbc.connections.internal.DriverManagerConnectionProviderImpl configure
WARN: HHH10001002: Using built-in connection pool (not intended for production use)
Sep 05, 2024 2:15:13 PM org.hibernate.engine.jdbc.connections.internal.DriverManagerConnectionProviderImpl buildCreator
INFO: HHH10001005: Loaded JDBC driver class: com.mysql.cj.jdbc.Driver
Sep 05, 2024 2:15:13 PM org.hibernate.engine.jdbc.connections.internal.DriverManagerConnectionProviderImpl buildCreator
INFO: HHH10001012: Connecting with JDBC URL [jdbc:mysql://localhost:3306/vegesfood]
Sep 05, 2024 2:15:13 PM org.hibernate.engine.jdbc.connections.internal.DriverManagerConnectionProviderImpl buildCreator
INFO: HHH10001001: Connection properties: {password=****, user=root}
Sep 05, 2024 2:15:13 PM org.hibernate.engine.jdbc.connections.internal.DriverManagerConnectionProviderImpl buildCreator
INFO: HHH10001003: Autocommit mode: false
Sep 05, 2024 2:15:13 PM org.hibernate.engine.jdbc.connections.internal.DriverManagerConnectionProviderImpl$PooledConnections <init>
INFO: HHH10001115: Connection pool size: 20 (min=1)
Sep 05, 2024 2:15:13 PM org.hibernate.engine.jdbc.dialect.internal.DialectFactoryImpl constructDialect
WARN: HHH90000025: MySQL8Dialect does not need to be specified explicitly using 'hibernate.dialect' (remove the property setting and it will be selected by default)
Sep 05, 2024 2:15:13 PM org.hibernate.engine.jdbc.dialect.internal.DialectFactoryImpl logSelectedDialect
WARN: HHH90000026: MySQL8Dialect has been deprecated; use org.hibernate.dialect.MySQLDialect instead
Sep 05, 2024 2:15:13 PM org.hibernate.engine.transaction.jta.platform.internal.JtaPlatformInitiator initiateService
INFO: HHH000489: No JTA platform available (set 'hibernate.transaction.jta.platform' to enable JTA platform integration)
Sep 05, 2024 2:15:13 PM org.example.DAOs.GenericDAOImpl save
INFO: Entity saved successfully
Sep 05, 2024 2:15:13 PM org.example.DAOs.GenericDAOImpl findById
INFO: Entity found with ID: 27
]]></system-err>
  </testcase>
  <testcase name="testUpdateProduct" classname="ProductDAOTest" time="0.042">
    <system-out><![CDATA[Hibernate: 
    /* insert for
        org.example.entities.Category */insert 
    into
        category (name) 
    values
        (?)
Hibernate: 
    /* insert for
        org.example.entities.Product */insert 
    into
        product (idcategory, img, name, price, quantity, size) 
    values
        (?, ?, ?, ?, ?, ?)
Hibernate: 
    select
        p1_0.idproduct,
        p1_0.idcategory,
        p1_0.img,
        p1_0.name,
        p1_0.price,
        p1_0.quantity,
        p1_0.size 
    from
        product p1_0 
    where
        p1_0.idproduct=?
Hibernate: 
    /* update
        for org.example.entities.Product */update product 
    set
        idcategory=?,
        img=?,
        name=?,
        price=?,
        quantity=?,
        size=? 
    where
        idproduct=?
Hibernate: 
    select
        p1_0.idproduct,
        p1_0.idcategory,
        p1_0.img,
        p1_0.name,
        p1_0.price,
        p1_0.quantity,
        p1_0.size 
    from
        product p1_0 
    where
        p1_0.idproduct=?
Hibernate: 
    /* DELETE 
    FROM
        Product */ delete 
    from
        product
Hibernate: 
    /* DELETE 
    FROM
        Category */ delete 
    from
        category
]]></system-out>
    <system-err><![CDATA[Sep 05, 2024 2:15:13 PM org.example.DAOs.GenericDAOImpl save
INFO: Entity saved successfully
Sep 05, 2024 2:15:13 PM org.example.DAOs.GenericDAOImpl update
INFO: Entity updated successfully
Sep 05, 2024 2:15:13 PM org.example.DAOs.GenericDAOImpl findById
INFO: Entity found with ID: 28
]]></system-err>
  </testcase>
  <testcase name="testFindAllProducts" classname="ProductDAOTest" time="0.05">
    <system-out><![CDATA[Hibernate: 
    /* insert for
        org.example.entities.Category */insert 
    into
        category (name) 
    values
        (?)
Hibernate: 
    /* insert for
        org.example.entities.Product */insert 
    into
        product (idcategory, img, name, price, quantity, size) 
    values
        (?, ?, ?, ?, ?, ?)
Hibernate: 
    /* insert for
        org.example.entities.Product */insert 
    into
        product (idcategory, img, name, price, quantity, size) 
    values
        (?, ?, ?, ?, ?, ?)
Hibernate: 
    /* 
from
    org.example.entities.Product */ select
        p1_0.idproduct,
        p1_0.idcategory,
        p1_0.img,
        p1_0.name,
        p1_0.price,
        p1_0.quantity,
        p1_0.size 
    from
        product p1_0
Hibernate: 
    /* DELETE 
    FROM
        Product */ delete 
    from
        product
Hibernate: 
    /* DELETE 
    FROM
        Category */ delete 
    from
        category
]]></system-out>
    <system-err><![CDATA[Sep 05, 2024 2:15:13 PM org.example.DAOs.GenericDAOImpl save
INFO: Entity saved successfully
Sep 05, 2024 2:15:13 PM org.example.DAOs.GenericDAOImpl save
INFO: Entity saved successfully
Sep 05, 2024 2:15:13 PM org.example.DAOs.GenericDAOImpl findAll
INFO: Entities retrieved successfully
]]></system-err>
  </testcase>
  <testcase name="testDeleteProduct" classname="ProductDAOTest" time="0.05">
    <system-out><![CDATA[Hibernate: 
    /* insert for
        org.example.entities.Category */insert 
    into
        category (name) 
    values
        (?)
Hibernate: 
    /* insert for
        org.example.entities.Product */insert 
    into
        product (idcategory, img, name, price, quantity, size) 
    values
        (?, ?, ?, ?, ?, ?)
Hibernate: 
    select
        p1_0.idproduct,
        p1_0.idcategory,
        p1_0.img,
        p1_0.name,
        p1_0.price,
        p1_0.quantity,
        p1_0.size 
    from
        product p1_0 
    where
        p1_0.idproduct=?
Hibernate: 
    select
        p1_0.idproduct,
        p1_0.idcategory,
        p1_0.img,
        p1_0.name,
        p1_0.price,
        p1_0.quantity,
        p1_0.size 
    from
        product p1_0 
    where
        p1_0.idproduct=?
Hibernate: 
    /* delete for org.example.entities.Product */delete 
    from
        product 
    where
        idproduct=?
Hibernate: 
    select
        p1_0.idproduct,
        p1_0.idcategory,
        p1_0.img,
        p1_0.name,
        p1_0.price,
        p1_0.quantity,
        p1_0.size 
    from
        product p1_0 
    where
        p1_0.idproduct=?
Hibernate: 
    /* DELETE 
    FROM
        Product */ delete 
    from
        product
Hibernate: 
    /* DELETE 
    FROM
        Category */ delete 
    from
        category
]]></system-out>
    <system-err><![CDATA[Sep 05, 2024 2:15:13 PM org.example.DAOs.GenericDAOImpl save
INFO: Entity saved successfully
Sep 05, 2024 2:15:13 PM org.example.DAOs.GenericDAOImpl findById
INFO: Entity found with ID: 31
Sep 05, 2024 2:15:13 PM org.example.DAOs.GenericDAOImpl delete
INFO: Entity deleted successfully
Sep 05, 2024 2:15:13 PM org.example.DAOs.GenericDAOImpl findById
WARNING: Entity not found with ID: 31
]]></system-err>
  </testcase>
</testsuite>